<?xml version="1.0" encoding="UTF-8"?>
<!-- Generated by org.testng.reporters.JUnitReportReporter -->
<testsuite hostname="DESKTOP-K8GN66L" name="com.linkedIN.Linkedin.AtLoginInavlidBlankPassword" tests="1" failures="0" timestamp="30 Dec 2018 13:41:08 GMT" time="5.370" errors="0">
  <testcase name="AtLoginInavlidBlankPasssword" time="5.370" classname="com.linkedIN.Linkedin.AtLoginInavlidBlankPassword"/>
</testsuite> <!-- com.linkedIN.Linkedin.AtLoginInavlidBlankPassword -->
