<?xml version="1.0" encoding="UTF-8"?>
<!-- Generated by org.testng.reporters.JUnitReportReporter -->
<testsuite hostname="DESKTOP-K8GN66L" name="com.linkedIN.Linkedin.AtLoginValidBack" tests="1" failures="0" timestamp="30 Dec 2018 13:41:08 GMT" time="6.591" errors="0">
  <testcase name="AtLoginValidBackk" time="6.591" classname="com.linkedIN.Linkedin.AtLoginValidBack"/>
</testsuite> <!-- com.linkedIN.Linkedin.AtLoginValidBack -->
