<?xml version="1.0" encoding="UTF-8"?>
<!-- Generated by org.testng.reporters.JUnitReportReporter -->
<testsuite hostname="DESKTOP-K8GN66L" name="com.linkedIN.Linkedin.AtLoginInavlidBlankPassword" tests="1" failures="0" timestamp="1 Jan 2019 10:48:25 GMT" time="5.544" errors="0">
  <testcase name="AtLoginInavlidBlankPasssword" time="5.544" classname="com.linkedIN.Linkedin.AtLoginInavlidBlankPassword"/>
</testsuite> <!-- com.linkedIN.Linkedin.AtLoginInavlidBlankPassword -->
