<?xml version="1.0" encoding="UTF-8"?>
<!-- Generated by org.testng.reporters.JUnitReportReporter -->
<testsuite hostname="DESKTOP-K8GN66L" name="com.linkedIN.Linkedin.AtLoginValidBack" tests="1" failures="0" timestamp="1 Jan 2019 10:48:25 GMT" time="6.370" errors="0">
  <testcase name="AtLoginValidBackk" time="6.370" classname="com.linkedIN.Linkedin.AtLoginValidBack"/>
</testsuite> <!-- com.linkedIN.Linkedin.AtLoginValidBack -->
