<?xml version="1.0" encoding="UTF-8"?>
<!-- Generated by org.testng.reporters.JUnitReportReporter -->
<testsuite hostname="DESKTOP-K8GN66L" name="com.linkedIN.Linkedin.ValidLogin" tests="1" failures="0" timestamp="1 Jan 2019 10:48:25 GMT" time="6.877" errors="0">
  <testcase name="ValidLogin1" time="6.877" classname="com.linkedIN.Linkedin.ValidLogin"/>
</testsuite> <!-- com.linkedIN.Linkedin.ValidLogin -->
