<?xml version="1.0" encoding="UTF-8"?>
<!-- Generated by org.testng.reporters.JUnitReportReporter -->
<testsuite hostname="DESKTOP-K8GN66L" name="com.linkedIN.Linkedin.AtSignupInvalidPassword" tests="1" failures="0" timestamp="1 Jan 2019 10:48:25 GMT" time="5.798" errors="0">
  <testcase name="AtSignupInvalidPasswordd" time="5.798" classname="com.linkedIN.Linkedin.AtSignupInvalidPassword"/>
</testsuite> <!-- com.linkedIN.Linkedin.AtSignupInvalidPassword -->
