<?xml version="1.0" encoding="UTF-8"?>
<!-- Generated by org.testng.reporters.JUnitReportReporter -->
<testsuite hostname="DESKTOP-K8GN66L" name="com.linkedIN.Linkedin.LoginPage" tests="1" failures="0" timestamp="7 Dec 2018 10:28:55 GMT" time="0.151" errors="0">
  <testcase name="f" time="0.151" classname="com.linkedIN.Linkedin.LoginPage"/>
</testsuite> <!-- com.linkedIN.Linkedin.LoginPage -->
