<?xml version="1.0" encoding="UTF-8"?>
<!-- Generated by org.testng.reporters.JUnitReportReporter -->
<testsuite hostname="DESKTOP-K8GN66L" name="com.linkedIN.Linkedin.AtInvalidBlank" tests="1" failures="0" timestamp="1 Jan 2019 10:48:25 GMT" time="5.469" errors="0">
  <testcase name="AtInvalidBlanck" time="5.469" classname="com.linkedIN.Linkedin.AtInvalidBlank"/>
</testsuite> <!-- com.linkedIN.Linkedin.AtInvalidBlank -->
