<?xml version="1.0" encoding="UTF-8"?>
<!-- Generated by org.testng.reporters.JUnitReportReporter -->
<testsuite hostname="DESKTOP-K8GN66L" name="com.linkedIN.Linkedin.LoginPage" tests="1" failures="0" timestamp="28 Dec 2018 13:13:50 GMT" time="15.696" errors="0">
  <testcase name="ValidLogin" time="15.696" classname="com.linkedIN.Linkedin.LoginPage"/>
</testsuite> <!-- com.linkedIN.Linkedin.LoginPage -->
