<?xml version="1.0" encoding="UTF-8"?>
<!-- Generated by org.testng.reporters.JUnitReportReporter -->
<testsuite hostname="DESKTOP-K8GN66L" name="com.linkedIN.Linkedin.AtInvalidBlank" tests="1" failures="0" timestamp="30 Dec 2018 13:41:08 GMT" time="5.273" errors="0">
  <testcase name="AtInvalidBlanck" time="5.273" classname="com.linkedIN.Linkedin.AtInvalidBlank"/>
</testsuite> <!-- com.linkedIN.Linkedin.AtInvalidBlank -->
