<?xml version="1.0" encoding="UTF-8"?>
<!-- Generated by org.testng.reporters.JUnitReportReporter -->
<testsuite hostname="DESKTOP-K8GN66L" name="com.linkedIN.Linkedin.AtSignupInvalidPassword" tests="1" failures="0" timestamp="30 Dec 2018 13:41:08 GMT" time="5.782" errors="0">
  <testcase name="AtSignupInvalidPasswordd" time="5.782" classname="com.linkedIN.Linkedin.AtSignupInvalidPassword"/>
</testsuite> <!-- com.linkedIN.Linkedin.AtSignupInvalidPassword -->
