<?xml version="1.0" encoding="UTF-8"?>
<!-- Generated by org.testng.reporters.JUnitReportReporter -->
<testsuite hostname="DESKTOP-K8GN66L" name="com.linkedIN.Linkedin.AtSigupInvalidLastName" tests="1" failures="0" timestamp="30 Dec 2018 13:41:08 GMT" time="5.789" errors="0">
  <testcase name="AtSigupInvalidLastNamee" time="5.789" classname="com.linkedIN.Linkedin.AtSigupInvalidLastName"/>
</testsuite> <!-- com.linkedIN.Linkedin.AtSigupInvalidLastName -->
